< 2016-06-23 17:16:36.244 EDT >LOG:  database system was shut down at 2016-06-23 17:16:11 EDT
< 2016-06-23 17:16:36.283 EDT >LOG:  MultiXact member wraparound protections are now enabled
< 2016-06-23 17:16:36.286 EDT >LOG:  database system is ready to accept connections
< 2016-06-23 17:16:36.286 EDT >LOG:  autovacuum launcher started
< 2016-06-23 17:17:01.588 EDT >FATAL:  database "jilin" does not exist
< 2016-06-23 17:19:07.796 EDT >FATAL:  database "jinfenglin" does not exist
< 2016-06-23 17:19:52.375 EDT >ERROR:  column "username" does not exist at character 8
< 2016-06-23 17:19:52.375 EDT >STATEMENT:  select username from pg_user;
< 2016-06-23 17:21:44.151 EDT >ERROR:  syntax error at or near "jinfenlin" at character 7
< 2016-06-23 17:21:44.151 EDT >STATEMENT:  alter jinfenlin with password 1992;
< 2016-06-23 17:21:51.543 EDT >ERROR:  syntax error at or near "1992" at character 36
< 2016-06-23 17:21:51.543 EDT >STATEMENT:  alter role jinfenlin with password 1992;
< 2016-06-23 17:21:56.288 EDT >ERROR:  role "jinfenlin" does not exist
< 2016-06-23 17:21:56.288 EDT >STATEMENT:  alter role jinfenlin with password '1992';
< 2016-06-23 17:23:40.289 EDT >ERROR:  permission denied to create database
< 2016-06-23 17:23:40.289 EDT >STATEMENT:  create database portfolio;
< 2016-06-23 17:23:54.048 EDT >FATAL:  database "jilin" does not exist
< 2016-06-23 17:27:25.467 EDT >ERROR:  syntax error at or near "exit" at character 1
< 2016-06-23 17:27:25.467 EDT >STATEMENT:  exit
	;
< 2016-06-23 17:35:23.200 EDT >FATAL:  database "portfolio" does not exist
< 2016-06-23 17:35:45.783 EDT >FATAL:  database "jinfenglin" does not exist
